SF:lib/src/layout/layout.dart
DA:19,1
DA:37,1
DA:40,1
DA:46,1
DA:47,1
DA:48,1
DA:49,5
DA:50,1
DA:52,1
DA:53,2
DA:54,1
DA:55,1
DA:56,1
DA:57,1
DA:60,1
DA:62,1
DA:63,4
DA:65,1
DA:67,1
DA:70,1
DA:74,0
DA:75,0
DA:76,0
DA:85,2
DA:86,4
DA:88,1
DA:91,1
DA:92,1
DA:93,3
DA:94,2
DA:95,2
DA:96,3
DA:98,1
DA:99,2
DA:102,1
DA:103,1
DA:104,1
DA:105,3
DA:108,2
DA:109,3
DA:110,3
DA:111,1
DA:112,1
DA:113,3
DA:115,1
DA:118,1
DA:119,2
DA:120,7
DA:121,6
DA:122,4
DA:123,5
DA:124,3
DA:125,6
DA:129,1
DA:131,4
DA:134,1
DA:135,1
DA:136,1
DA:137,1
DA:140,2
DA:142,4
DA:144,3
DA:148,1
DA:151,1
DA:154,2
DA:155,2
DA:156,10
DA:157,10
DA:162,9
DA:165,1
DA:166,2
DA:167,0
DA:170,0
DA:171,0
DA:172,0
DA:173,0
DA:174,0
DA:176,0
DA:177,0
DA:178,0
DA:179,0
DA:181,0
DA:182,0
DA:186,0
DA:187,0
DA:188,0
DA:189,0
DA:190,0
DA:191,0
DA:192,0
DA:193,0
DA:198,0
DA:199,0
DA:200,0
DA:201,0
DA:202,0
DA:204,0
DA:205,0
DA:206,0
DA:207,0
DA:208,0
DA:209,0
DA:210,0
DA:211,0
DA:212,0
DA:217,0
DA:218,0
DA:219,0
DA:220,0
DA:221,0
DA:222,0
DA:223,0
DA:224,0
DA:225,0
DA:227,0
DA:228,0
DA:229,0
DA:230,0
DA:231,0
DA:232,0
DA:233,0
DA:234,0
DA:236,0
DA:237,0
DA:243,0
DA:244,0
DA:245,0
DA:246,0
DA:247,0
DA:248,0
DA:249,0
DA:250,0
DA:251,0
DA:252,0
DA:253,0
DA:255,0
DA:257,0
DA:258,0
DA:259,0
DA:260,0
DA:261,0
DA:262,0
DA:263,0
DA:264,0
DA:266,0
DA:267,0
DA:275,1
DA:276,4
DA:277,2
DA:278,5
DA:279,2
DA:280,3
DA:281,1
DA:282,1
DA:285,7
DA:287,5
DA:288,0
DA:289,2
DA:290,3
DA:292,2
DA:293,2
DA:298,1
DA:299,2
DA:300,6
DA:301,6
DA:304,3
DA:305,1
DA:307,1
DA:308,7
DA:309,2
DA:310,2
DA:312,0
DA:313,0
DA:315,3
DA:316,3
DA:317,2
DA:318,1
DA:319,0
DA:320,0
DA:321,0
DA:322,0
DA:323,0
DA:324,0
DA:325,0
DA:329,1
DA:331,1
DA:332,3
DA:333,2
DA:335,2
DA:336,2
DA:341,1
DA:342,2
DA:343,1
DA:344,0
DA:346,0
DA:347,0
DA:348,0
DA:350,0
DA:351,0
DA:352,0
DA:354,0
DA:355,0
DA:362,1
DA:363,4
DA:364,2
DA:365,5
DA:366,2
DA:367,3
DA:368,1
DA:369,3
DA:371,1
DA:372,1
DA:373,3
DA:374,2
DA:375,2
DA:381,1
DA:382,2
DA:386,2
DA:387,3
DA:388,3
DA:390,7
DA:392,7
DA:393,1
DA:395,2
DA:396,2
DA:400,0
DA:401,0
DA:403,1
DA:404,1
DA:405,4
LF:230
LH:131
end_of_record
SF:lib/src/graph_controller.dart
DA:23,2
DA:24,0
DA:26,2
DA:27,0
DA:30,2
DA:31,2
DA:32,2
DA:34,2
DA:35,2
DA:38,10
DA:39,8
DA:41,8
DA:42,8
DA:43,2
DA:47,1
DA:48,3
DA:49,2
DA:50,4
DA:55,1
DA:56,5
DA:57,2
DA:58,2
DA:59,2
DA:60,3
LF:24
LH:22
end_of_record
SF:lib/src/layout/layout_config.dart
DA:50,4
DA:76,0
DA:101,0
DA:102,0
DA:103,0
DA:104,0
DA:105,0
DA:106,0
DA:107,0
DA:108,0
DA:109,0
DA:110,0
DA:111,0
DA:113,0
DA:115,0
DA:117,0
DA:119,0
DA:121,0
DA:122,0
DA:123,0
DA:124,0
DA:126,0
DA:127,0
DA:130,0
DA:132,0
DA:133,0
LF:26
LH:1
end_of_record
SF:lib/src/models/uyava_edge.dart
DA:15,2
DA:16,2
DA:18,2
DA:19,0
DA:21,2
DA:22,0
DA:24,0
DA:27,0
DA:29,0
DA:30,0
DA:32,0
DA:34,0
LF:12
LH:4
end_of_record
SF:lib/src/models/uyava_node.dart
DA:24,0
DA:26,4
DA:27,4
DA:28,7
DA:29,4
DA:32,1
DA:33,2
DA:35,0
DA:38,0
DA:40,0
DA:41,0
DA:43,0
DA:45,0
LF:13
LH:6
end_of_record
SF:lib/src/math/vector2.dart
DA:7,4
DA:11,4
DA:12,4
DA:14,9
DA:16,16
DA:17,8
DA:18,6
DA:19,6
DA:21,2
DA:24,7
DA:26,0
DA:27,0
DA:29,0
DA:30,0
LF:14
LH:10
end_of_record
SF:lib/src/math/size2d.dart
DA:5,4
DA:9,0
DA:12,0
DA:14,0
DA:15,0
DA:17,0
DA:18,0
LF:7
LH:1
end_of_record
SF:lib/src/layout/grid_layout.dart
DA:18,1
DA:23,1
DA:30,1
DA:31,4
DA:32,3
DA:34,5
DA:35,5
DA:36,2
DA:37,2
DA:38,2
DA:39,2
DA:41,2
DA:42,3
DA:43,3
DA:44,2
DA:45,4
DA:46,4
DA:47,5
DA:50,1
DA:53,1
DA:58,1
DA:59,1
DA:61,1
DA:62,1
LF:24
LH:24
end_of_record
SF:lib/src/models/uyava_event.dart
DA:16,0
DA:23,0
DA:25,0
DA:26,0
LF:4
LH:0
end_of_record
SF:lib/src/models/uyava_node_event.dart
DA:17,0
DA:24,0
DA:26,0
DA:27,0
DA:28,0
LF:5
LH:0
end_of_record
